<?xml version="1.0" encoding="UTF-8"?>
<testng-results ignored="0" total="1" passed="1" failed="0" skipped="0">
  <reporter-output>
  </reporter-output>
  <suite started-at="2024-08-12T21:25:34 IST" name="Suite" finished-at="2024-08-12T21:26:02 IST" duration-ms="27822">
    <groups>
    </groups>
    <test started-at="2024-08-12T21:25:34 IST" name="Test" finished-at="2024-08-12T21:26:02 IST" duration-ms="27822">
      <class name="AmazonTestCases.TestCases">
        <test-method is-config="true" signature="initialization()[pri:0, instance:AmazonTestCases.TestCases@5e600dd5]" started-at="2024-08-12T21:25:34 IST" name="initialization" finished-at="2024-08-12T21:25:46 IST" duration-ms="12318" status="PASS">
          <reporter-output>
          </reporter-output>
        </test-method> <!-- initialization -->
        <test-method signature="TC04()[pri:0, instance:AmazonTestCases.TestCases@5e600dd5]" started-at="2024-08-12T21:25:46 IST" name="TC04" finished-at="2024-08-12T21:26:02 IST" duration-ms="15399" status="PASS">
          <reporter-output>
          </reporter-output>
        </test-method> <!-- TC04 -->
      </class> <!-- AmazonTestCases.TestCases -->
    </test> <!-- Test -->
  </suite> <!-- Suite -->
</testng-results>
