<?xml version="1.0" encoding="UTF-8"?>
<testng-results ignored="0" total="1" passed="1" failed="0" skipped="0">
  <reporter-output>
  </reporter-output>
  <suite started-at="2024-08-13T15:29:26 IST" name="Suite" finished-at="2024-08-13T15:29:39 IST" duration-ms="12819">
    <groups>
    </groups>
    <test started-at="2024-08-13T15:29:26 IST" name="Test" finished-at="2024-08-13T15:29:39 IST" duration-ms="12819">
      <class name="AmazonTestCases.TestCases">
        <test-method is-config="true" signature="initialization()[pri:0, instance:AmazonTestCases.TestCases@576d5deb]" started-at="2024-08-13T15:29:26 IST" name="initialization" finished-at="2024-08-13T15:29:32 IST" duration-ms="6086" status="PASS">
          <reporter-output>
          </reporter-output>
        </test-method> <!-- initialization -->
        <test-method signature="TC05()[pri:0, instance:AmazonTestCases.TestCases@576d5deb]" started-at="2024-08-13T15:29:32 IST" name="TC05" finished-at="2024-08-13T15:29:39 IST" duration-ms="6688" status="PASS">
          <reporter-output>
          </reporter-output>
        </test-method> <!-- TC05 -->
      </class> <!-- AmazonTestCases.TestCases -->
    </test> <!-- Test -->
  </suite> <!-- Suite -->
</testng-results>
